Using pre-set license
Built from '2020.3/staging' branch; Version is '2020.3.0f1 (c7b5465681fb) revision 13088070'; Using compiler version '192528614'; Build Type 'Release'
OS: 'Windows 10 Home; OS build 22631.4317; Version 2009; 64bit' Language: 'en' Physical Memory: 16221 MB
BatchMode: 1, IsHumanControllingUs: 0, StartBugReporterOnCrash: 0, Is64bit: 1, IsPro: 0

 COMMAND LINE ARGUMENTS:
C:\Program Files\Unity\Hub\Editor\2020.3.0f1\Editor\Unity.exe
-adb2
-batchMode
-noUpm
-name
AssetImportWorker0
-projectPath
D:/Github/Tank-Game/TanksHW/Tanks-GD2-HW
-logFile
Logs/AssetImportWorker0.log
-srvPort
62815
Successfully changed project path to: D:/Github/Tank-Game/TanksHW/Tanks-GD2-HW
D:/Github/Tank-Game/TanksHW/Tanks-GD2-HW
Using Asset Import Pipeline V2.
Refreshing native plugins compatible for Editor in 60.98 ms, found 2 plugins.
Preloading 0 native plugins for Editor in 0.00 ms.
Initialize engine version: 2020.3.0f1 (c7b5465681fb)
[Subsystems] Discovering subsystems at path C:/Program Files/Unity/Hub/Editor/2020.3.0f1/Editor/Data/Resources/UnitySubsystems
[Subsystems] Discovering subsystems at path D:/Github/Tank-Game/TanksHW/Tanks-GD2-HW/Assets
GfxDevice: creating device client; threaded=0
Direct3D:
    Version:  Direct3D 11.0 [level 11.1]
    Renderer: NVIDIA GeForce GTX 1650 (ID=0x1f91)
    Vendor:   
    VRAM:     3949 MB
    Driver:   31.0.15.3141
Initialize mono
Mono path[0] = 'C:/Program Files/Unity/Hub/Editor/2020.3.0f1/Editor/Data/Managed'
Mono path[1] = 'C:/Program Files/Unity/Hub/Editor/2020.3.0f1/Editor/Data/MonoBleedingEdge/lib/mono/unityjit'
Mono config path = 'C:/Program Files/Unity/Hub/Editor/2020.3.0f1/Editor/Data/MonoBleedingEdge/etc'
Using monoOptions --debugger-agent=transport=dt_socket,embedding=1,server=y,suspend=n,address=127.0.0.1:56560
Begin MonoManager ReloadAssembly
Registering precompiled unity dll's ...
Register platform support module: C:/Program Files/Unity/Hub/Editor/2020.3.0f1/Editor/Data/PlaybackEngines/WindowsStandaloneSupport/UnityEditor.WindowsStandalone.Extensions.dll
Registered in 0.002269 seconds.
Native extension for WindowsStandalone target not found
Refreshing native plugins compatible for Editor in 57.09 ms, found 2 plugins.
Preloading 0 native plugins for Editor in 0.00 ms.
Invoked RoslynAnalysisRunner static constructor.
RoslynAnalysisRunner will not be running.
RoslynAnalysisRunner has terminated.
Mono: successfully reloaded assembly
- Completed reload, in  1.342 seconds
Platform modules already initialized, skipping
Registering precompiled user dll's ...
Registered in 0.008390 seconds.
Begin MonoManager ReloadAssembly
Native extension for WindowsStandalone target not found
Refreshing native plugins compatible for Editor in 0.78 ms, found 2 plugins.
Preloading 0 native plugins for Editor in 0.00 ms.
Invoked RoslynAnalysisRunner static constructor.
RoslynAnalysisRunner will not be running.
RoslynAnalysisRunner has terminated.
Mono: successfully reloaded assembly
- Completed reload, in  1.195 seconds
Platform modules already initialized, skipping
========================================================================
Worker process is ready to serve import requests
Launched and connected shader compiler UnityShaderCompiler.exe after 0.06 seconds
Refreshing native plugins compatible for Editor in 0.66 ms, found 2 plugins.
Preloading 0 native plugins for Editor in 0.00 ms.
Unloading 2214 Unused Serialized files (Serialized files now loaded: 0)
System memory in use before: 91.6 MB.
System memory in use after: 91.7 MB.

Unloading 62 unused Assets to reduce memory usage. Loaded Objects now: 2614.
Total: 5.455800 ms (FindLiveObjects: 0.199400 ms CreateObjectMapping: 0.097400 ms MarkObjects: 5.080500 ms  DeleteObjects: 0.077300 ms)

========================================================================
Received Import Request.
  path: Assets/Animators
  artifactKey: Guid(63db5dd3902ac1c48b09ef34d5fac746) Importer(815301076,1909f56bfc062723c751e8b465ee728b)
Start importing Assets/Animators using Guid(63db5dd3902ac1c48b09ef34d5fac746) Importer(815301076,1909f56bfc062723c751e8b465ee728b)  -> (artifact id: 'bed34eb52ae8bf0a0d29f58fc5b7e22c') in 0.006216 seconds
  Import took 0.009510 seconds .

========================================================================
Received Import Request.
  Time since last request: 92.697217 seconds.
  path: Assets/Scripts
  artifactKey: Guid(fd9c214f640fae348958e74eaea6f543) Importer(815301076,1909f56bfc062723c751e8b465ee728b)
Start importing Assets/Scripts using Guid(fd9c214f640fae348958e74eaea6f543) Importer(815301076,1909f56bfc062723c751e8b465ee728b)  -> (artifact id: 'bd028056fcf31d9d763f180cb59e3cd2') in 0.012548 seconds
  Import took 0.023921 seconds .

========================================================================
Received Import Request.
  Time since last request: 0.257157 seconds.
  path: Assets/Scenes
  artifactKey: Guid(8056ed27bf1c9e84f92cc724101f48cf) Importer(815301076,1909f56bfc062723c751e8b465ee728b)
Start importing Assets/Scenes using Guid(8056ed27bf1c9e84f92cc724101f48cf) Importer(815301076,1909f56bfc062723c751e8b465ee728b)  -> (artifact id: '2f4f0857e844915f1cb804201b7efc5a') in 0.014956 seconds
  Import took 0.025571 seconds .

========================================================================
Received Import Request.
  Time since last request: 3.997007 seconds.
  path: Assets/Scenes/Main.unity
  artifactKey: Guid(389ed83f2390bbf4fa6dfd706c310096) Importer(815301076,1909f56bfc062723c751e8b465ee728b)
Start importing Assets/Scenes/Main.unity using Guid(389ed83f2390bbf4fa6dfd706c310096) Importer(815301076,1909f56bfc062723c751e8b465ee728b)  -> (artifact id: 'a10da03d764386805410fb1051a739c0') in 0.030614 seconds
  Import took 0.041209 seconds .

========================================================================
Received Import Request.
  Time since last request: 52.340494 seconds.
  path: Assets/Prefabs/LevelArt.prefab
  artifactKey: Guid(1cd1bdb2203012a40ab12a0d2fd7aa88) Importer(815301076,1909f56bfc062723c751e8b465ee728b)
Start importing Assets/Prefabs/LevelArt.prefab using Guid(1cd1bdb2203012a40ab12a0d2fd7aa88) Importer(815301076,1909f56bfc062723c751e8b465ee728b)  -> (artifact id: 'f3146c04ff81d584b59776f0a5017b6d') in 0.444837 seconds
  Import took 0.452657 seconds .

========================================================================
Received Import Request.
  Time since last request: 190.739732 seconds.
  path: Assets/Prefabs/New Lighting Settings.lighting
  artifactKey: Guid(527b449d7f615ce4788a933ce2479609) Importer(815301076,1909f56bfc062723c751e8b465ee728b)
Start importing Assets/Prefabs/New Lighting Settings.lighting using Guid(527b449d7f615ce4788a933ce2479609) Importer(815301076,1909f56bfc062723c751e8b465ee728b)  -> (artifact id: '85b8a85f0b969fa02dccc52862e6b8a8') in 0.010183 seconds
  Import took 0.014647 seconds .

AssetImportWorkerClient::OnTransportError - code=2 error=End of file
