Using pre-set license
Built from '2020.3/staging' branch; Version is '2020.3.0f1 (c7b5465681fb) revision 13088070'; Using compiler version '192528614'; Build Type 'Release'
OS: 'Windows 10 Home; OS build 22631.4317; Version 2009; 64bit' Language: 'en' Physical Memory: 16221 MB
BatchMode: 1, IsHumanControllingUs: 0, StartBugReporterOnCrash: 0, Is64bit: 1, IsPro: 0

 COMMAND LINE ARGUMENTS:
C:\Program Files\Unity\Hub\Editor\2020.3.0f1\Editor\Unity.exe
-adb2
-batchMode
-noUpm
-name
AssetImportWorker0
-projectPath
D:/Github/Tank-Game/TanksHW/Tanks-GD2-HW
-logFile
Logs/AssetImportWorker0.log
-srvPort
61084
Successfully changed project path to: D:/Github/Tank-Game/TanksHW/Tanks-GD2-HW
D:/Github/Tank-Game/TanksHW/Tanks-GD2-HW
Using Asset Import Pipeline V2.
Refreshing native plugins compatible for Editor in 84.68 ms, found 2 plugins.
Preloading 0 native plugins for Editor in 0.00 ms.
Initialize engine version: 2020.3.0f1 (c7b5465681fb)
[Subsystems] Discovering subsystems at path C:/Program Files/Unity/Hub/Editor/2020.3.0f1/Editor/Data/Resources/UnitySubsystems
[Subsystems] Discovering subsystems at path D:/Github/Tank-Game/TanksHW/Tanks-GD2-HW/Assets
GfxDevice: creating device client; threaded=0
Direct3D:
    Version:  Direct3D 11.0 [level 11.1]
    Renderer: NVIDIA GeForce GTX 1650 (ID=0x1f91)
    Vendor:   
    VRAM:     3949 MB
    Driver:   31.0.15.3141
Initialize mono
Mono path[0] = 'C:/Program Files/Unity/Hub/Editor/2020.3.0f1/Editor/Data/Managed'
Mono path[1] = 'C:/Program Files/Unity/Hub/Editor/2020.3.0f1/Editor/Data/MonoBleedingEdge/lib/mono/unityjit'
Mono config path = 'C:/Program Files/Unity/Hub/Editor/2020.3.0f1/Editor/Data/MonoBleedingEdge/etc'
Using monoOptions --debugger-agent=transport=dt_socket,embedding=1,server=y,suspend=n,address=127.0.0.1:56796
Begin MonoManager ReloadAssembly
Registering precompiled unity dll's ...
Register platform support module: C:/Program Files/Unity/Hub/Editor/2020.3.0f1/Editor/Data/PlaybackEngines/WindowsStandaloneSupport/UnityEditor.WindowsStandalone.Extensions.dll
Registered in 0.001775 seconds.
Native extension for WindowsStandalone target not found
Refreshing native plugins compatible for Editor in 47.43 ms, found 2 plugins.
Preloading 0 native plugins for Editor in 0.00 ms.
Invoked RoslynAnalysisRunner static constructor.
RoslynAnalysisRunner will not be running.
RoslynAnalysisRunner has terminated.
Mono: successfully reloaded assembly
- Completed reload, in  1.149 seconds
Platform modules already initialized, skipping
Registering precompiled user dll's ...
Registered in 0.007588 seconds.
Begin MonoManager ReloadAssembly
Native extension for WindowsStandalone target not found
Refreshing native plugins compatible for Editor in 0.69 ms, found 2 plugins.
Preloading 0 native plugins for Editor in 0.00 ms.
Invoked RoslynAnalysisRunner static constructor.
RoslynAnalysisRunner will not be running.
RoslynAnalysisRunner has terminated.
Mono: successfully reloaded assembly
- Completed reload, in  1.212 seconds
Platform modules already initialized, skipping
========================================================================
Worker process is ready to serve import requests
Launched and connected shader compiler UnityShaderCompiler.exe after 0.10 seconds
Refreshing native plugins compatible for Editor in 0.70 ms, found 2 plugins.
Preloading 0 native plugins for Editor in 0.00 ms.
Unloading 2214 Unused Serialized files (Serialized files now loaded: 0)
System memory in use before: 91.7 MB.
System memory in use after: 91.8 MB.

Unloading 62 unused Assets to reduce memory usage. Loaded Objects now: 2614.
Total: 6.503700 ms (FindLiveObjects: 0.225200 ms CreateObjectMapping: 0.100900 ms MarkObjects: 6.089800 ms  DeleteObjects: 0.085500 ms)

========================================================================
Received Import Request.
  path: Assets/Prefabs/Tank.prefab
  artifactKey: Guid(fb0113cc77d338a43867ce095f4540ec) Importer(815301076,1909f56bfc062723c751e8b465ee728b)
Start importing Assets/Prefabs/Tank.prefab using Guid(fb0113cc77d338a43867ce095f4540ec) Importer(815301076,1909f56bfc062723c751e8b465ee728b)  -> (artifact id: 'dd1d07e7fcfe60188090ea12571f9eb4') in 0.155545 seconds
  Import took 0.257602 seconds .

========================================================================
Received Import Request.
  Time since last request: 65.969111 seconds.
  path: Assets/Prefabs/DustTrail.prefab
  artifactKey: Guid(f7167ad2844254441b40b8a300b4f1fe) Importer(815301076,1909f56bfc062723c751e8b465ee728b)
Start importing Assets/Prefabs/DustTrail.prefab using Guid(f7167ad2844254441b40b8a300b4f1fe) Importer(815301076,1909f56bfc062723c751e8b465ee728b)  -> (artifact id: '8d6462bd5e0905ff6eb361c3c2ef08a4') in 0.055151 seconds
  Import took 0.118840 seconds .

========================================================================
Received Import Request.
  Time since last request: 0.069938 seconds.
  path: Assets/Prefabs/DustTrail.prefab
  artifactKey: Guid(f7167ad2844254441b40b8a300b4f1fe) Importer(815301076,1909f56bfc062723c751e8b465ee728b)
Start importing Assets/Prefabs/DustTrail.prefab using Guid(f7167ad2844254441b40b8a300b4f1fe) Importer(815301076,1909f56bfc062723c751e8b465ee728b)  -> (artifact id: '8d6462bd5e0905ff6eb361c3c2ef08a4') in 0.021487 seconds
  Import took 0.033043 seconds .

========================================================================
Received Import Request.
  Time since last request: 0.010448 seconds.
  path: Assets/Materials/Dust.mat
  artifactKey: Guid(424be3af6ad117140887d3e652a89d24) Importer(815301076,1909f56bfc062723c751e8b465ee728b)
Start importing Assets/Materials/Dust.mat using Guid(424be3af6ad117140887d3e652a89d24) Importer(815301076,1909f56bfc062723c751e8b465ee728b)  -> (artifact id: '0ed659f68a106ed1a6d155aa8de18d81') in 0.666416 seconds
  Import took 0.684570 seconds .

========================================================================
Received Import Request.
  Time since last request: 0.118522 seconds.
  path: Assets/Prefabs/DustTrail.prefab
  artifactKey: Guid(f7167ad2844254441b40b8a300b4f1fe) Importer(815301076,1909f56bfc062723c751e8b465ee728b)
Start importing Assets/Prefabs/DustTrail.prefab using Guid(f7167ad2844254441b40b8a300b4f1fe) Importer(815301076,1909f56bfc062723c751e8b465ee728b)  -> (artifact id: 'ebbb7496b3426db2b15caa92afb77cd7') in 0.011224 seconds
  Import took 0.071875 seconds .

========================================================================
Received Import Request.
  Time since last request: 324.050505 seconds.
  path: Assets/Scripts/Tank
  artifactKey: Guid(46e032e6247865441876c868e03138e3) Importer(815301076,1909f56bfc062723c751e8b465ee728b)
Start importing Assets/Scripts/Tank using Guid(46e032e6247865441876c868e03138e3) Importer(815301076,1909f56bfc062723c751e8b465ee728b)  -> (artifact id: '1016e9fea406c184e004d1bcc191e72d') in 0.319590 seconds
  Import took 0.382240 seconds .

========================================================================
Received Import Request.
  Time since last request: 0.944563 seconds.
  path: Assets/Scripts/Tank/TankMovement.cs
  artifactKey: Guid(29af3199e11b72e47b41ff380db540fd) Importer(815301076,1909f56bfc062723c751e8b465ee728b)
Start importing Assets/Scripts/Tank/TankMovement.cs using Guid(29af3199e11b72e47b41ff380db540fd) Importer(815301076,1909f56bfc062723c751e8b465ee728b)  -> (artifact id: '8f2de945dece3bd0403aa4e69a277038') in 0.030385 seconds
  Import took 0.070721 seconds .

========================================================================
Received Import Request.
  Time since last request: 0.004285 seconds.
  path: Assets/Scripts/Tank/TankMovement.cs
  artifactKey: Guid(29af3199e11b72e47b41ff380db540fd) Importer(815301076,1909f56bfc062723c751e8b465ee728b)
Start importing Assets/Scripts/Tank/TankMovement.cs using Guid(29af3199e11b72e47b41ff380db540fd) Importer(815301076,1909f56bfc062723c751e8b465ee728b)  -> (artifact id: '8f2de945dece3bd0403aa4e69a277038') in 0.011975 seconds
  Import took 0.026517 seconds .

========================================================================
Received Prepare
Registering precompiled user dll's ...
Registered in 0.008334 seconds.
Begin MonoManager ReloadAssembly
Native extension for WindowsStandalone target not found
Refreshing native plugins compatible for Editor in 0.94 ms, found 2 plugins.
Preloading 0 native plugins for Editor in 0.00 ms.
Invoked RoslynAnalysisRunner static constructor.
RoslynAnalysisRunner will not be running.
RoslynAnalysisRunner has terminated.
Mono: successfully reloaded assembly
- Completed reload, in  1.553 seconds
Platform modules already initialized, skipping
Refreshing native plugins compatible for Editor in 0.85 ms, found 2 plugins.
Preloading 0 native plugins for Editor in 0.00 ms.
Unloading 2181 Unused Serialized files (Serialized files now loaded: 0)
System memory in use before: 92.7 MB.
System memory in use after: 92.8 MB.

Unloading 53 unused Assets to reduce memory usage. Loaded Objects now: 2657.
Total: 6.780200 ms (FindLiveObjects: 0.328600 ms CreateObjectMapping: 0.161700 ms MarkObjects: 6.237300 ms  DeleteObjects: 0.049900 ms)

========================================================================
Received Prepare
Registering precompiled user dll's ...
Registered in 0.010897 seconds.
Begin MonoManager ReloadAssembly
Native extension for WindowsStandalone target not found
Refreshing native plugins compatible for Editor in 1.58 ms, found 2 plugins.
Preloading 0 native plugins for Editor in 0.00 ms.
Invoked RoslynAnalysisRunner static constructor.
RoslynAnalysisRunner will not be running.
RoslynAnalysisRunner has terminated.
Mono: successfully reloaded assembly
- Completed reload, in  1.382 seconds
Platform modules already initialized, skipping
Refreshing native plugins compatible for Editor in 0.87 ms, found 2 plugins.
Preloading 0 native plugins for Editor in 0.00 ms.
Unloading 2181 Unused Serialized files (Serialized files now loaded: 0)
System memory in use before: 92.8 MB.
System memory in use after: 92.9 MB.

Unloading 53 unused Assets to reduce memory usage. Loaded Objects now: 2659.
Total: 8.921700 ms (FindLiveObjects: 0.241000 ms CreateObjectMapping: 0.100000 ms MarkObjects: 8.534100 ms  DeleteObjects: 0.044500 ms)

========================================================================
Received Prepare
Registering precompiled user dll's ...
Registered in 0.010072 seconds.
Begin MonoManager ReloadAssembly
Native extension for WindowsStandalone target not found
Refreshing native plugins compatible for Editor in 0.78 ms, found 2 plugins.
Preloading 0 native plugins for Editor in 0.00 ms.
Invoked RoslynAnalysisRunner static constructor.
RoslynAnalysisRunner will not be running.
RoslynAnalysisRunner has terminated.
Mono: successfully reloaded assembly
- Completed reload, in  1.182 seconds
Platform modules already initialized, skipping
Refreshing native plugins compatible for Editor in 0.73 ms, found 2 plugins.
Preloading 0 native plugins for Editor in 0.00 ms.
Unloading 2181 Unused Serialized files (Serialized files now loaded: 0)
System memory in use before: 92.8 MB.
System memory in use after: 92.9 MB.

Unloading 53 unused Assets to reduce memory usage. Loaded Objects now: 2661.
Total: 5.438900 ms (FindLiveObjects: 0.239200 ms CreateObjectMapping: 0.100100 ms MarkObjects: 5.056100 ms  DeleteObjects: 0.041100 ms)

========================================================================
Received Import Request.
  Time since last request: 5036.234385 seconds.
  path: Assets/Prefabs/Tank.prefab
  artifactKey: Guid(fb0113cc77d338a43867ce095f4540ec) Importer(815301076,1909f56bfc062723c751e8b465ee728b)
Start importing Assets/Prefabs/Tank.prefab using Guid(fb0113cc77d338a43867ce095f4540ec) Importer(815301076,1909f56bfc062723c751e8b465ee728b)  -> (artifact id: 'f823b560e8066eedb1951b495e36498b') in 0.222501 seconds
  Import took 0.265517 seconds .

AssetImportWorkerClient::OnTransportError - code=2 error=End of file
